1
429 1
.23674E+11
.23700E+11
.23725E+11
.23750E+11
.23775E+11
.23800E+11
.23825E+11
.23850E+11
.23875E+11
.23900E+11
.23926E+11
.31319E+11
.31336E+11
.31352E+11
.31368E+11
.31384E+11
.31400E+11
.31416E+11
.31432E+11
.31448E+11
.31464E+11
.31481E+11
.50219E+11
.50236E+11
.50252E+11
.50268E+11
.50284E+11
.50300E+11
.50316E+11
.50332E+11
.50348E+11
.50364E+11
.50381E+11
.52610E+11
.52648E+11
.52686E+11
.52724E+11
.52762E+11
.52800E+11
.52838E+11
.52876E+11
.52914E+11
.52952E+11
.52990E+11
.53397E+11
.53414E+11
.53431E+11
.53447E+11
.53464E+11
.53481E+11
.53498E+11
.53515E+11
.53531E+11
.53548E+11
.53565E+11
.53627E+11
.53644E+11
.53661E+11
.53677E+11
.53694E+11
.53711E+11
.53728E+11
.53745E+11
.53761E+11
.53778E+11
.53795E+11
.54210E+11
.54248E+11
.54286E+11
.54324E+11
.54362E+11
.54400E+11
.54438E+11
.54476E+11
.54514E+11
.54552E+11
.54590E+11
.54750E+11
.54788E+11
.54826E+11
.54864E+11
.54902E+11
.54940E+11
.54978E+11
.55016E+11
.55054E+11
.55092E+11
.55130E+11
.55345E+11
.55376E+11
.55407E+11
.55438E+11
.55469E+11
.55500E+11
.55531E+11
.55562E+11
.55593E+11
.55624E+11
.55655E+11
.57135E+11
.57166E+11
.57197E+11
.57228E+11
.57259E+11
.57290E+11
.57321E+11
.57352E+11
.57383E+11
.57414E+11
.57446E+11
.57035E+11
.57043E+11
.57050E+11
.57058E+11
.57066E+11
.57073E+11
.57081E+11
.57089E+11
.57096E+11
.57104E+11
.57112E+11
.57469E+11
.57477E+11
.57484E+11
.57492E+11
.57500E+11
.57507E+11
.57515E+11
.57523E+11
.57530E+11
.57538E+11
.57546E+11
.56903E+11
.56906E+11
.56910E+11
.56913E+11
.56917E+11
.56920E+11
.56924E+11
.56927E+11
.56931E+11
.56934E+11
.56938E+11
.56999E+11
.57002E+11
.57006E+11
.57009E+11
.57013E+11
.57016E+11
.57020E+11
.57023E+11
.57027E+11
.57030E+11
.57034E+11
.57547E+11
.57550E+11
.57554E+11
.57558E+11
.57561E+11
.57565E+11
.57568E+11
.57572E+11
.57575E+11
.57579E+11
.57582E+11
.57643E+11
.57646E+11
.57650E+11
.57654E+11
.57657E+11
.57661E+11
.57664E+11
.57668E+11
.57671E+11
.57675E+11
.57678E+11
.56939E+11
.56940E+11
.56942E+11
.56943E+11
.56945E+11
.56946E+11
.56948E+11
.56949E+11
.56951E+11
.56952E+11
.56954E+11
.56982E+11
.56984E+11
.56986E+11
.56987E+11
.56989E+11
.56990E+11
.56992E+11
.56993E+11
.56995E+11
.56996E+11
.56998E+11
.57583E+11
.57584E+11
.57586E+11
.57587E+11
.57589E+11
.57591E+11
.57592E+11
.57594E+11
.57595E+11
.57597E+11
.57598E+11
.57627E+11
.57628E+11
.57630E+11
.57631E+11
.57633E+11
.57635E+11
.57636E+11
.57638E+11
.57639E+11
.57641E+11
.57642E+11
.56954E+11
.56955E+11
.56956E+11
.56957E+11
.56957E+11
.56958E+11
.56959E+11
.56960E+11
.56961E+11
.56961E+11
.56962E+11
.56974E+11
.56975E+11
.56976E+11
.56977E+11
.56977E+11
.56978E+11
.56979E+11
.56980E+11
.56981E+11
.56981E+11
.56982E+11
.57599E+11
.57599E+11
.57600E+11
.57601E+11
.57602E+11
.57603E+11
.57603E+11
.57604E+11
.57605E+11
.57606E+11
.57607E+11
.57619E+11
.57619E+11
.57620E+11
.57621E+11
.57622E+11
.57623E+11
.57623E+11
.57624E+11
.57625E+11
.57626E+11
.57627E+11
.56962E+11
.56962E+11
.56963E+11
.56963E+11
.56963E+11
.56964E+11
.56964E+11
.56964E+11
.56965E+11
.56965E+11
.56965E+11
.56971E+11
.56971E+11
.56972E+11
.56972E+11
.56972E+11
.56973E+11
.56973E+11
.56973E+11
.56974E+11
.56974E+11
.56974E+11
.57607E+11
.57607E+11
.57607E+11
.57607E+11
.57608E+11
.57608E+11
.57608E+11
.57609E+11
.57609E+11
.57609E+11
.57610E+11
.57616E+11
.57616E+11
.57616E+11
.57616E+11
.57617E+11
.57617E+11
.57617E+11
.57618E+11
.57618E+11
.57618E+11
.57619E+11
.88001E+11
.88200E+11
.88400E+11
.88600E+11
.88800E+11
.89000E+11
.89200E+11
.89400E+11
.89600E+11
.89800E+11
.89999E+11
.87600E+11
.87700E+11
.87800E+11
.87900E+11
.88000E+11
.88100E+11
.88200E+11
.88300E+11
.88400E+11
.88500E+11
.88600E+11
.89400E+11
.89500E+11
.89600E+11
.89700E+11
.89800E+11
.89900E+11
.90000E+11
.90100E+11
.90200E+11
.90300E+11
.90400E+11
.14860E+12
.14870E+12
.14880E+12
.14890E+12
.14900E+12
.14910E+12
.14920E+12
.14930E+12
.14940E+12
.14950E+12
.14960E+12
.15040E+12
.15050E+12
.15060E+12
.15070E+12
.15080E+12
.15090E+12
.15100E+12
.15110E+12
.15120E+12
.15130E+12
.15140E+12
.18206E+12
.18211E+12
.18216E+12
.18221E+12
.18226E+12
.18231E+12
.18236E+12
.18241E+12
.18246E+12
.18251E+12
.18256E+12
.18406E+12
.18411E+12
.18416E+12
.18421E+12
.18426E+12
.18431E+12
.18436E+12
.18441E+12
.18446E+12
.18451E+12
.18456E+12
.17981E+12
.17991E+12
.18001E+12
.18011E+12
.18021E+12
.18031E+12
.18041E+12
.18051E+12
.18061E+12
.18071E+12
.18081E+12
.18581E+12
.18591E+12
.18601E+12
.18611E+12
.18621E+12
.18631E+12
.18641E+12
.18651E+12
.18661E+12
.18671E+12
.18681E+12
.17531E+12
.17551E+12
.17571E+12
.17591E+12
.17611E+12
.17631E+12
.17651E+12
.17671E+12
.17691E+12
.17711E+12
.17731E+12
.18931E+12
.18951E+12
.18971E+12
.18991E+12
.19011E+12
.19031E+12
.19051E+12
.19071E+12
.19091E+12
.19111E+12
.19131E+12